Vivado Simulator 2019.2
Time resolution is 1 ps
Initial Memory values:
  0: 00
  1: 00
  2: 00
  3: 00
  4: ff
  5: ff
  6: ff
  7: ff
  8: 12
  9: 34
 10: 56
 11: 78
 12: 00
 13: 00
 14: 00
 15: 08
 16: 00
 17: 00
 18: 00
 19: 01
 20: 00
 21: 00
 22: 00
 23: 03
 24: xx
 25: xx
 26: xx
 27: xx
 28: xx
 29: xx
 30: xx
 31: xx
 32: xx
 33: xx
 34: xx
 35: xx
 36: xx
 37: xx
 38: xx
 39: xx
 40: xx
 41: xx
 42: xx
 43: xx
 44: xx
Time:                30000, Output: ffffffff
Time:                50000, Output: 12345678
Time:                70000, Output: 00000008
Time:                90000, Output: 00000001
Time:               110000, Output: 00000003
Time:               130000, Output: 00000001
Time:               150000, Output: 00000000
Time:               170000, Output: 1234567f
Time:               190000, Output: 00000000
Time:               210000, Output: ffffffff
Time:               230000, Output: 00000002
Time:               250000, Output: 00000002
Time:               270000, Output: 00000002
Time:               290000, Output: 00000002
Time:               310000, Output: 00000000
Time:               330000, Output: 1234567f
Time:               350000, Output: 00000000
Time:               370000, Output: ffffffff
Time:               390000, Output: 00000000
Time:               410000, Output: 00000000
Time:               430000, Output: 00000018
Time:               450000, Output: 0000001c
Time:               470000, Output: 00000020
Time:               490000, Output: 00000024
Time:               510000, Output: 00000028
Time:               530000, Output: 0000002c
Register   0: 00000000
Register   1: 00000000
Register   2: 00000000
Register   3: 00000000
Register   4: 00000000
Register   5: 00000000
Register   6: 00000000
Register   7: 00000000
Register   8: 00000002
Register   9: 00000000
Register  10: 1234567f
Register  11: 00000000
Register  12: ffffffff
Register  13: 00000000
Register  14: 0000000f
Register  15: 00000010
Register  16: 00000011
Register  17: 00000012
Register  18: 00000013
Register  19: 00000014
Register  20: 00000015
Register  21: 00000016
Register  22: 00000017
Register  23: 00000018
Register  24: 00000019
Register  25: 0000001a
Register  26: 00000000
Register  27: 00000000
Register  28: 00000000
Register  29: 00000000
Register  30: 00000000
Register  31: 00000000
Final Memory values:
  0: 00
  1: 00
  2: 00
  3: 00
  4: ff
  5: ff
  6: ff
  7: ff
  8: 12
  9: 34
 10: 56
 11: 78
 12: 00
 13: 00
 14: 00
 15: 08
 16: 00
 17: 00
 18: 00
 19: 01
 20: 00
 21: 00
 22: 00
 23: 03
 24: 00
 25: 00
 26: 00
 27: 02
 28: 00
 29: 00
 30: 00
 31: 00
 32: 12
 33: 34
 34: 56
 35: 7f
 36: 00
 37: 00
 38: 00
 39: 00
 40: ff
 41: ff
 42: ff
 43: ff
 44: xx
